<?xml version="1.0" encoding="UTF-8"?>
<testsuites>
  <testsuite name="fastlane.lanes">
    
    
    
      
      <testcase classname="fastlane.lanes" name="0: default_platform" time="0.0026666">
        
      </testcase>
    
      
      <testcase classname="fastlane.lanes" name="1: bundle update fastlane" time="11.67974">
        
      </testcase>
    
      
      <testcase classname="fastlane.lanes" name="2: flutter packages get" time="4.6956302">
        
      </testcase>
    
      
      <testcase classname="fastlane.lanes" name="3: flutter clean" time="3.6023776">
        
      </testcase>
    
      
      <testcase classname="fastlane.lanes" name="4: flutter build appbundle --build-number=1628160616" time="79.9749785">
        
      </testcase>
    
      
      <testcase classname="fastlane.lanes" name="5: assembleRelease" time="62.4681178">
        
          <failure message="D:/Bundler/ruby/3.0.0/gems/fastlane-2.190.0/fastlane/lib/fastlane/actions/actions_helper.rb:67:in `execute_action&apos;&#10;D:/Bundler/ruby/3.0.0/gems/fastlane-2.190.0/fastlane/lib/fastlane/runner.rb:255:in `block in execute_action&apos;&#10;D:/Bundler/ruby/3.0.0/gems/fastlane-2.190.0/fastlane/lib/fastlane/runner.rb:229:in `chdir&apos;&#10;D:/Bundler/ruby/3.0.0/gems/fastlane-2.190.0/fastlane/lib/fastlane/runner.rb:229:in `execute_action&apos;&#10;D:/Bundler/ruby/3.0.0/gems/fastlane-2.190.0/fastlane/lib/fastlane/runner.rb:157:in `trigger_action_by_name&apos;&#10;D:/Bundler/ruby/3.0.0/gems/fastlane-2.190.0/fastlane/lib/fastlane/fast_file.rb:159:in `method_missing&apos;&#10;Fastfile:43:in `block (2 levels) in parsing_binding&apos;&#10;D:/Bundler/ruby/3.0.0/gems/fastlane-2.190.0/fastlane/lib/fastlane/lane.rb:33:in `call&apos;&#10;D:/Bundler/ruby/3.0.0/gems/fastlane-2.190.0/fastlane/lib/fastlane/runner.rb:49:in `block in execute&apos;&#10;D:/Bundler/ruby/3.0.0/gems/fastlane-2.190.0/fastlane/lib/fastlane/runner.rb:45:in `chdir&apos;&#10;D:/Bundler/ruby/3.0.0/gems/fastlane-2.190.0/fastlane/lib/fastlane/runner.rb:45:in `execute&apos;&#10;D:/Bundler/ruby/3.0.0/gems/fastlane-2.190.0/fastlane/lib/fastlane/lane_manager.rb:47:in `cruise_lane&apos;&#10;D:/Bundler/ruby/3.0.0/gems/fastlane-2.190.0/fastlane/lib/fastlane/command_line_handler.rb:36:in `handle&apos;&#10;D:/Bundler/ruby/3.0.0/gems/fastlane-2.190.0/fastlane/lib/fastlane/commands_generator.rb:109:in `block (2 levels) in run&apos;&#10;D:/Bundler/ruby/3.0.0/gems/commander-4.6.0/lib/commander/command.rb:187:in `call&apos;&#10;D:/Bundler/ruby/3.0.0/gems/commander-4.6.0/lib/commander/command.rb:157:in `run&apos;&#10;D:/Bundler/ruby/3.0.0/gems/commander-4.6.0/lib/commander/runner.rb:444:in `run_active_command&apos;&#10;D:/Bundler/ruby/3.0.0/gems/fastlane-2.190.0/fastlane_core/lib/fastlane_core/ui/fastlane_runner.rb:76:in `run!&apos;&#10;D:/Bundler/ruby/3.0.0/gems/commander-4.6.0/lib/commander/delegates.rb:18:in `run!&apos;&#10;D:/Bundler/ruby/3.0.0/gems/fastlane-2.190.0/fastlane/lib/fastlane/commands_generator.rb:353:in `run&apos;&#10;D:/Bundler/ruby/3.0.0/gems/fastlane-2.190.0/fastlane/lib/fastlane/commands_generator.rb:42:in `start&apos;&#10;D:/Bundler/ruby/3.0.0/gems/fastlane-2.190.0/fastlane/lib/fastlane/cli_tools_distributor.rb:122:in `take_off&apos;&#10;D:/Bundler/ruby/3.0.0/gems/fastlane-2.190.0/bin/fastlane:23:in `&lt;top (required)&gt;&apos;&#10;D:/Bundler/ruby/3.0.0/bin/fastlane:23:in `load&apos;&#10;D:/Bundler/ruby/3.0.0/bin/fastlane:23:in `&lt;main&gt;&apos;&#10;&#10;Exit status of command &apos;D:/E_Drive/Work/CRMPlus/OC/DealersApp/startup_namer/android/gradlew assembleRelease -p .&apos; was 1 instead of 0.&#10;Starting a Gradle Daemon, 2 busy and 1 incompatible and 1 stopped Daemons could not be reused, use --status for details&#10;&gt; Task :app:compileFlutterBuildRelease&#10;../../third_party/dart/runtime/vm/zone.cc: 94: error: Out of memory.&#10;version=2.13.4 (stable) (Wed Jun 23 13:08:41 2021 +0200) on &quot;windows_x64&quot;&#10;pid=2508, thread=944, isolate_group=main(000001954AAAF440), isolate=(nil)(0000000000000000)&#10;isolate_instructions=1954dd30000, vm_instructions=7ff6882dfb70&#10;  pc 0x00007ff688466526 fp 0x0000001faa3fe1a0 Unknown symbol&#10;-- End of DumpStackTrace&#10;&#10;&#10;&#10;&gt; Task :app:compileFlutterBuildRelease FAILED&#10;&#10;FAILURE: Build failed with an exception.&#10;&#10;* Where:&#10;Script &apos;D:\flutter\packages\flutter_tools\gradle\flutter.gradle&apos; line: 1035&#10;&#10;* What went wrong:&#10;Execution failed for task &apos;:app:compileFlutterBuildRelease&apos;.&#10;&gt; Process &apos;command &apos;D:\flutter\bin\flutter.bat&apos;&apos; finished with non-zero exit value 1&#10;&#10;* Try:&#10;Run with --stacktrace option to get the stack trace. Run with --info or --debug option to get more log output. Run with --scan to get full insights.&#10;&#10;* Get more help at https://help.gradle.org&#10;&#10;Deprecated Gradle features were used in this build, making it incompatible with Gradle 7.0.&#10;Use &apos;--warning-mode all&apos; to show the individual deprecation warnings.&#10;See https://docs.gradle.org/6.7/userguide/command_line_interface.html#sec:command_line_warnings&#10;&#10;BUILD FAILED in 1m 1s&#10;1 actionable task: 1 executed&#10;" />
        
      </testcase>
    
      
      <testcase classname="fastlane.lanes" name="6: slack" time="1.4698423">
        
      </testcase>
    
  </testsuite>
</testsuites>
